
================================================================
======== FXServer starting - 11/14/2020, 8:12:36 PM
================================================================
No such config file: permissions.cfg
Creating script environments for _cfx_internal
Found new resource webadmin in /home/williamthefatty/Desktop/GitHub/FXServer/alpine/opt/cfx-server/citizen//system_resources//webadmin
Found new resource monitor in /home/williamthefatty/Desktop/GitHub/FXServer/alpine/opt/cfx-server/citizen//system_resources//monitor
Found new resource skyline in /home/williamthefatty/Desktop/GitHub/FXServer/resources//[Cars]/skyline
Found new resource 69charger in /home/williamthefatty/Desktop/GitHub/FXServer/resources//[Cars]/69charger
Found new resource 16challenger in /home/williamthefatty/Desktop/GitHub/FXServer/resources//[Cars]/16challenger
Found new resource 16ss in /home/williamthefatty/Desktop/GitHub/FXServer/resources//[Cars]/16ss
Found new resource s14boss in /home/williamthefatty/Desktop/GitHub/FXServer/resources//[Cars]/s14boss
Found new resource fd in /home/williamthefatty/Desktop/GitHub/FXServer/resources//[Cars]/fd
Found new resource addon_car_template in /home/williamthefatty/Desktop/GitHub/FXServer/resources//[Cars]/addon_car_template
Found new resource brz in /home/williamthefatty/Desktop/GitHub/FXServer/resources//[Cars]/brz
Found new resource vehcontrol in /home/williamthefatty/Desktop/GitHub/FXServer/resources//[Other]/vehcontrol
Found new resource vMenu in /home/williamthefatty/Desktop/GitHub/FXServer/resources//[Other]/vMenu
Found new resource example-loadscreen in /home/williamthefatty/Desktop/GitHub/FXServer/resources//[FiveM]/[test]/example-loadscreen
Found new resource fivem in /home/williamthefatty/Desktop/GitHub/FXServer/resources//[FiveM]/[test]/fivem
Found new resource basic-gamemode in /home/williamthefatty/Desktop/GitHub/FXServer/resources//[FiveM]/[gamemodes]/basic-gamemode
Found new resource scoreboard in /home/williamthefatty/Desktop/GitHub/FXServer/resources//[FiveM]/[system]/scoreboard
Found new resource rconlog in /home/williamthefatty/Desktop/GitHub/FXServer/resources//[FiveM]/[system]/rconlog
Found new resource sessionmanager in /home/williamthefatty/Desktop/GitHub/FXServer/resources//[FiveM]/[system]/sessionmanager
Found new resource baseevents in /home/williamthefatty/Desktop/GitHub/FXServer/resources//[FiveM]/[system]/baseevents
Found new resource runcode in /home/williamthefatty/Desktop/GitHub/FXServer/resources//[FiveM]/[system]/runcode
Found new resource hardcap in /home/williamthefatty/Desktop/GitHub/FXServer/resources//[FiveM]/[system]/hardcap
Found new resource sessionmanager-rdr3 in /home/williamthefatty/Desktop/GitHub/FXServer/resources//[FiveM]/[system]/sessionmanager-rdr3
Found new resource mapmanager in /home/williamthefatty/Desktop/GitHub/FXServer/resources//[FiveM]/[managers]/mapmanager
Found new resource spawnmanager in /home/williamthefatty/Desktop/GitHub/FXServer/resources//[FiveM]/[managers]/spawnmanager
Found new resource chat in /home/williamthefatty/Desktop/GitHub/FXServer/resources//[FiveM]/[gameplay]/chat
Found new resource chat-theme-gtao in /home/williamthefatty/Desktop/GitHub/FXServer/resources//[FiveM]/[gameplay]/chat-theme-gtao
Found new resource playernames in /home/williamthefatty/Desktop/GitHub/FXServer/resources//[FiveM]/[gameplay]/playernames
Found new resource fivem-map-skater in /home/williamthefatty/Desktop/GitHub/FXServer/resources//[FiveM]/[gamemodes]/[maps]/fivem-map-skater
Found new resource redm-map-one in /home/williamthefatty/Desktop/GitHub/FXServer/resources//[FiveM]/[gamemodes]/[maps]/redm-map-one
Found new resource fivem-map-hipster in /home/williamthefatty/Desktop/GitHub/FXServer/resources//[FiveM]/[gamemodes]/[maps]/fivem-map-hipster
Found new resource webpack in /home/williamthefatty/Desktop/GitHub/FXServer/resources//[FiveM]/[system]/[builders]/webpack
Found new resource yarn in /home/williamthefatty/Desktop/GitHub/FXServer/resources//[FiveM]/[system]/[builders]/yarn
Creating script environments for sessionmanager
Started resource sessionmanager
Creating script environments for monitor
[txAdminClientLUA] Version 2.7.2 starting...
[txAdminClientJS] Logger started
Started resource monitor
No such config file: permissions.cfg
Creating script environments for mapmanager
Started resource mapmanager
Creating script environments for chat
Started resource chat
Started resource spawnmanager
Started gametype Freeroam
Started resource basic-gamemode
Started resource fivem
Creating script environments for hardcap
Started resource hardcap
Creating script environments for rconlog
Started resource rconlog
Started resource scoreboard
Creating script environments for vMenu
Instantiated instance of script vMenuServer.BanManager.
[vMenu] [WARNING] vMenu is set up to ignore permissions!
If you did this on purpose then you can ignore this warning.
If you did not set this on purpose, then you must have made a mistake while setting up vMenu.
Please read the vMenu documentation (https://docs.vespura.com/vmenu).
Most likely you are not executing the permissions.cfg (correctly).
Instantiated instance of script vMenuServer.MainServer.
Started resource vMenu
Started resource vehcontrol
Asset brz/brz.yft uses 27.5 MiB of virtual memory.
Could not make hard link for /home/williamthefatty/Desktop/GitHub/FXServer/resources//[Cars]/brz/stream//brz.yft <-> /home/williamthefatty/Desktop/GitHub/FXServer/cache/files/brz/stream_cache/ze5224506032e7276d6b13fa68b6a8765dab75c91.
Asset brz/brz.ytd uses 46.0 MiB of physical memory.
Asset brz/brz_hi.yft uses 27.5 MiB of virtual memory.
Started resource brz
Started resource skyline
Warning: `onesync_enabled` is deprecated. Please use `onesync legacy` instead.
Authenticating server license key...
[txAdminClientLUA] Threads and commands set up. All Ready.
Started map fivem-map-skater
Started resource fivem-map-skater
server thread hitch warning: timer interval of 161 milliseconds
Server license key authentication succeeded. Welcome!
Authenticating with Nucleus...
        fff                          
  cccc ff   xx  xx     rr rr    eee  
cc     ffff   xx       rrr  r ee   e 
cc     ff     xx   ... rr     eeeee  
 ccccc ff   xx  xx ... rr      eeeee 
                                     
Authenticated with cfx.re Nucleus: https://williamthefatman-5a9qpz.users.cfx.re/
Connecting: :)
-- [server notice: tebex_not_set]
================
Monetize your server using Tebex! Visit https://tebex.io/fivem for more info.
================

Sending heartbeat to https://servers-ingress-live.fivem.net/ingress
server thread hitch warning: timer interval of 478 milliseconds
